build/outputs/logs/manifest-merger-release-report.txt
-- Merging decision tree log ---
manifest
ADDED from src/main/AndroidManifest.xml:2:1-55:12
INJECTED from src/main/AndroidManifest.xml:2:1-55:12
INJECTED from src/main/AndroidManifest.xml:2:1-55:12
INJECTED from src/main/AndroidManifest.xml:2:1-55:12
INJECTED from src/main/AndroidManifest.xml:2:1-55:12
INJECTED from src/main/AndroidManifest.xml:2:1-55:12
INJECTED from src/main/AndroidManifest.xml:2:1-55:12
	package
		ADDED from src/main/AndroidManifest.xml:3:5-34
		INJECTED from src/main/AndroidManifest.xml
		INJECTED from src/main/AndroidManifest.xml
	android:versionName
		ADDED from src/main/AndroidManifest.xml:5:5-30
		INJECTED from src/main/AndroidManifest.xml
		INJECTED from src/main/AndroidManifest.xml
	xmlns:android
		ADDED from src/main/AndroidManifest.xml:2:11-69
	android:versionCode
		ADDED from src/main/AndroidManifest.xml:4:5-28
		INJECTED from src/main/AndroidManifest.xml
		INJECTED from src/main/AndroidManifest.xml
uses-sdk
ADDED from src/main/AndroidManifest.xml:7:5-9:41
INJECTED from src/main/AndroidManifest.xml:7:5-9:41
INJECTED from src/main/AndroidManifest.xml:7:5-9:41
INJECTED from src/main/AndroidManifest.xml:7:5-9:41
INJECTED from src/main/AndroidManifest.xml:7:5-9:41
	android:targetSdkVersion
		ADDED from src/main/AndroidManifest.xml:9:9-38
		INJECTED from src/main/AndroidManifest.xml
		INJECTED from src/main/AndroidManifest.xml
	android:minSdkVersion
		ADDED from src/main/AndroidManifest.xml:8:9-35
		INJECTED from src/main/AndroidManifest.xml
		INJECTED from src/main/AndroidManifest.xml
uses-permission#android.permission.ACCESS_NETWORK_STATE
ADDED from src/main/AndroidManifest.xml:11:5-79
	android:name
		ADDED from src/main/AndroidManifest.xml:11:22-76
application
ADDED from src/main/AndroidManifest.xml:12:5-53:19
	android:label
		ADDED from src/main/AndroidManifest.xml:15:9-41
	android:icon
		ADDED from src/main/AndroidManifest.xml:14:9-45
	android:allowBackup
		ADDED from src/main/AndroidManifest.xml:13:9-35
	android:theme
		ADDED from src/main/AndroidManifest.xml:16:9-40
activity#com.kaceder.kaceder.SplashActivity
ADDED from src/main/AndroidManifest.xml:17:9-27:20
	android:screenOrientation
		ADDED from src/main/AndroidManifest.xml:21:13-50
	android:label
		ADDED from src/main/AndroidManifest.xml:19:13-45
	android:theme
		ADDED from src/main/AndroidManifest.xml:20:13-77
	android:name
		ADDED from src/main/AndroidManifest.xml:18:13-62
intent-filter#android.intent.action.MAIN+android.intent.category.LAUNCHER
ADDED from src/main/AndroidManifest.xml:22:13-26:29
action#android.intent.action.MAIN
ADDED from src/main/AndroidManifest.xml:23:17-69
	android:name
		ADDED from src/main/AndroidManifest.xml:23:25-66
category#android.intent.category.LAUNCHER
ADDED from src/main/AndroidManifest.xml:25:17-77
	android:name
		ADDED from src/main/AndroidManifest.xml:25:27-74
activity#com.kaceder.kaceder.MainActivity
ADDED from src/main/AndroidManifest.xml:28:9-35:20
	android:screenOrientation
		ADDED from src/main/AndroidManifest.xml:32:13-49
	android:label
		ADDED from src/main/AndroidManifest.xml:30:13-45
	android:theme
		ADDED from src/main/AndroidManifest.xml:31:13-77
	android:name
		ADDED from src/main/AndroidManifest.xml:29:13-60
activity#com.kaceder.kaceder.Game
ADDED from src/main/AndroidManifest.xml:37:9-42:20
	android:screenOrientation
		ADDED from src/main/AndroidManifest.xml:41:14-50
	android:label
		ADDED from src/main/AndroidManifest.xml:39:13-56
	android:theme
		ADDED from src/main/AndroidManifest.xml:40:14-78
	android:name
		ADDED from src/main/AndroidManifest.xml:38:13-52
activity#com.kaceder.kaceder.Seviye
ADDED from src/main/AndroidManifest.xml:43:9-47:20
	android:screenOrientation
		ADDED from src/main/AndroidManifest.xml:46:14-50
	android:theme
		ADDED from src/main/AndroidManifest.xml:45:14-78
	android:name
		ADDED from src/main/AndroidManifest.xml:44:13-54
activity#com.kaceder.kaceder.Puan
ADDED from src/main/AndroidManifest.xml:48:10-52:20
	android:screenOrientation
		ADDED from src/main/AndroidManifest.xml:51:14-50
	android:theme
		ADDED from src/main/AndroidManifest.xml:50:14-78
	android:name
		ADDED from src/main/AndroidManifest.xml:49:13-52